Logfile initialized
[INFO] logfile = /Volumes/StorageVol/Titanium/Workspace/eXdata/build.log
[DEBUG] /Users/ADM/Library/Application Support/Titanium/mobilesdk/osx/2.1.1.GA/android/builder.py simulator eXdata /Volumes/StorageVol/Titanium/Android SDK /Volumes/StorageVol/Titanium/Workspace/eXdata com.domgan.exdata 1 HVGA 
[INFO] Building eXdata for Android ... one moment
[INFO] Titanium SDK version: 2.1.1 (07/27/12 14:01 0fd84a2)
[DEBUG] Waiting for device to be ready ...
[TRACE] adb devices returned 1 devices/emulators
[DEBUG] Device connected... (waited 0 seconds)
[DEBUG] waited 0.014475 seconds on emulator to get ready
[DEBUG] com.domgan.exdata installed? True
[INFO] Fastdev server running, deploying in Fastdev mode
[INFO] Copying CommonJS modules...
[INFO] Copying project resources..
[INFO] Tiapp.xml unchanged, skipping class generation
[DEBUG] Processing Android resource drawables
[DEBUG] found drawable-long-land-hdpi splash screen at /Volumes/StorageVol/Titanium/Workspace/eXdata/Resources/android/images/res-long-land-hdpi/default.png
[DEBUG] found drawable-long-land-ldpi splash screen at /Volumes/StorageVol/Titanium/Workspace/eXdata/Resources/android/images/res-long-land-ldpi/default.png
[DEBUG] found drawable-long-port-hdpi splash screen at /Volumes/StorageVol/Titanium/Workspace/eXdata/Resources/android/images/res-long-port-hdpi/default.png
[DEBUG] found drawable-long-port-ldpi splash screen at /Volumes/StorageVol/Titanium/Workspace/eXdata/Resources/android/images/res-long-port-ldpi/default.png
[DEBUG] found drawable-notlong-land-hdpi splash screen at /Volumes/StorageVol/Titanium/Workspace/eXdata/Resources/android/images/res-notlong-land-hdpi/default.png
[DEBUG] found drawable-notlong-land-ldpi splash screen at /Volumes/StorageVol/Titanium/Workspace/eXdata/Resources/android/images/res-notlong-land-ldpi/default.png
[DEBUG] found drawable-notlong-land-mdpi splash screen at /Volumes/StorageVol/Titanium/Workspace/eXdata/Resources/android/images/res-notlong-land-mdpi/default.png
[DEBUG] found drawable-notlong-port-hdpi splash screen at /Volumes/StorageVol/Titanium/Workspace/eXdata/Resources/android/images/res-notlong-port-hdpi/default.png
[DEBUG] found drawable-notlong-port-ldpi splash screen at /Volumes/StorageVol/Titanium/Workspace/eXdata/Resources/android/images/res-notlong-port-ldpi/default.png
[DEBUG] found drawable-notlong-port-mdpi splash screen at /Volumes/StorageVol/Titanium/Workspace/eXdata/Resources/android/images/res-notlong-port-mdpi/default.png
[INFO] Waiting for SDCard to become available..
[INFO] Re-launching application ... eXdata
[INFO] Launching application ... eXdata
[TRACE] Launch output: Starting: Intent { act=android.intent.action.MAIN cat=[android.intent.category.LAUNCHER] cmp=com.domgan.exdata/.ExdataActivity }

[DEBUG] signal caught: 15
